<?xml version="1.0" encoding="UTF-8"?>
<!-- Generated by org.testng.reporters.JUnitXMLReporter -->
<testsuite ignored="0" hostname="DESKTOP-C5KPPTM" failures="0" tests="4" name="Default test" time="4012.327" errors="0" timestamp="2023-01-10T03:56:25 ICT">
  <testcase classname="execution.TestScripts" name="TestSuite_SearchAndViewJobDetails" time="17.626"/>
  <testcase classname="execution.TestScripts" name="TestSuite_SignUp" time="853.958"/>
  <testcase classname="execution.TestScripts" name="TestSuite_SignIn" time="2036.123"/>
  <testcase classname="execution.TestScripts" name="TestSuite_CreateCV" time="1104.485"/>
</testsuite> <!-- Default test -->
