<?xml version="1.0" encoding="UTF-8"?>
<testng-results ignored="0" total="4" passed="4" failed="0" skipped="0">
  <reporter-output>
  </reporter-output>
  <suite started-at="2023-01-10T02:49:32 ICT" name="Default suite" finished-at="2023-01-10T03:56:24 ICT" duration-ms="4012327">
    <groups>
    </groups>
    <test started-at="2023-01-10T02:49:32 ICT" name="Default test" finished-at="2023-01-10T03:56:24 ICT" duration-ms="4012327">
      <class name="execution.TestScripts">
        <test-method signature="TestSuite_SearchAndViewJobDetails()[pri:1, instance:execution.TestScripts@66e8997c]" started-at="2023-01-10T02:49:32 ICT" name="TestSuite_SearchAndViewJobDetails" finished-at="2023-01-10T02:49:50 ICT" duration-ms="17626" status="PASS">
          <reporter-output>
          </reporter-output>
        </test-method> <!-- TestSuite_SearchAndViewJobDetails -->
        <test-method signature="TestSuite_SignUp()[pri:2, instance:execution.TestScripts@66e8997c]" started-at="2023-01-10T02:49:50 ICT" name="TestSuite_SignUp" finished-at="2023-01-10T03:04:04 ICT" duration-ms="853958" status="PASS">
          <reporter-output>
          </reporter-output>
        </test-method> <!-- TestSuite_SignUp -->
        <test-method signature="TestSuite_SignIn()[pri:3, instance:execution.TestScripts@66e8997c]" started-at="2023-01-10T03:04:04 ICT" name="TestSuite_SignIn" finished-at="2023-01-10T03:38:00 ICT" duration-ms="2036123" status="PASS">
          <reporter-output>
          </reporter-output>
        </test-method> <!-- TestSuite_SignIn -->
        <test-method signature="TestSuite_CreateCV()[pri:4, instance:execution.TestScripts@66e8997c]" started-at="2023-01-10T03:38:00 ICT" name="TestSuite_CreateCV" finished-at="2023-01-10T03:56:24 ICT" duration-ms="1104485" status="PASS">
          <reporter-output>
          </reporter-output>
        </test-method> <!-- TestSuite_CreateCV -->
      </class> <!-- execution.TestScripts -->
    </test> <!-- Default test -->
  </suite> <!-- Default suite -->
</testng-results>
